time="2021-12-24 14:39:45.342" level=error msg="<nil>" func=openseasync/routers/common.getOpenSeaOwnerAssets file="C:/Users/chunde01/Desktop/openseasync-main/routers/common/commonService.go:31"
time="2021-12-29 11:25:56.944" level=error msg="<nil>" func=openseasync/routers/common.requestOpenSeaAssets file="C:/Users/chunde01/Desktop/openseasync-main/routers/common/commonService.go:103"
time="2021-12-29 11:25:56.945" level=error msg="unexpected end of JSON input" func=openseasync/routers/common.getOpenSeaOwnerAssets file="C:/Users/chunde01/Desktop/openseasync-main/routers/common/commonService.go:31"
time="2021-12-29 11:29:46.786" level=error msg="<nil>" func=openseasync/routers/common.requestOpenSeaAssets file="C:/Users/chunde01/Desktop/openseasync-main/routers/common/commonService.go:104"
time="2021-12-29 11:29:46.789" level=error msg="unexpected end of JSON input" func=openseasync/routers/common.getOpenSeaOwnerAssets file="C:/Users/chunde01/Desktop/openseasync-main/routers/common/commonService.go:32"
time="2021-12-29 11:31:55.740" level=error msg="<nil>" func=openseasync/routers/common.requestOpenSeaAssets file="C:/Users/chunde01/Desktop/openseasync-main/routers/common/commonService.go:105"
time="2021-12-29 11:31:55.741" level=error msg="unexpected end of JSON input" func=openseasync/routers/common.getOpenSeaOwnerAssets file="C:/Users/chunde01/Desktop/openseasync-main/routers/common/commonService.go:33"
time="2021-12-29 11:36:01.039" level=error msg="<nil>" func=openseasync/routers/common.requestOpenSeaAssets file="C:/Users/chunde01/Desktop/openseasync-main/routers/common/commonService.go:106"
time="2021-12-29 11:36:01.039" level=error msg="unexpected end of JSON input" func=openseasync/routers/common.getOpenSeaOwnerAssets file="C:/Users/chunde01/Desktop/openseasync-main/routers/common/commonService.go:33"
time="2021-12-29 11:38:21.702" level=error msg="<nil>" func=openseasync/routers/common.requestOpenSeaAssets file="C:/Users/chunde01/Desktop/openseasync-main/routers/common/commonService.go:104"
time="2021-12-29 11:38:21.702" level=error msg="unexpected end of JSON input" func=openseasync/routers/common.getOpenSeaOwnerAssets file="C:/Users/chunde01/Desktop/openseasync-main/routers/common/commonService.go:32"
time="2021-12-29 11:39:19.511" level=error msg="<nil>" func=openseasync/routers/common.requestOpenSeaAssets file="C:/Users/chunde01/Desktop/openseasync-main/routers/common/commonService.go:104"
time="2021-12-29 11:39:19.512" level=error msg="unexpected end of JSON input" func=openseasync/routers/common.getOpenSeaOwnerAssets file="C:/Users/chunde01/Desktop/openseasync-main/routers/common/commonService.go:32"
time="2021-12-29 14:10:32.825" level=error msg="<nil>" func=openseasync/common/utils.RequestOpenSeaSingleAsset file="C:/Users/chunde01/Desktop/openseasync-main/common/utils/utils.go:238"
time="2021-12-29 14:11:37.700" level=error msg="<nil>" func=openseasync/common/utils.RequestOpenSeaSingleAsset file="C:/Users/chunde01/Desktop/openseasync-main/common/utils/utils.go:239"
time="2021-12-29 14:12:06.554" level=error msg="<nil>" func=openseasync/common/utils.RequestOpenSeaSingleAsset file="C:/Users/chunde01/Desktop/openseasync-main/common/utils/utils.go:239"
time="2021-12-29 14:13:27.050" level=error msg="<nil>" func=openseasync/common/utils.RequestOpenSeaSingleAsset file="C:/Users/chunde01/Desktop/openseasync-main/common/utils/utils.go:240"
time="2021-12-29 14:14:21.497" level=error msg="<nil>" func=openseasync/common/utils.RequestOpenSeaSingleAsset file="C:/Users/chunde01/Desktop/openseasync-main/common/utils/utils.go:240"
time="2021-12-29 14:38:08.231" level=error msg="<nil>" func=openseasync/common/utils.RequestOpenSeaSingleAsset file="C:/Users/chunde01/Desktop/openseasync-main/common/utils/utils.go:239"
time="2021-12-29 14:42:32.284" level=error msg="<nil>" func=openseasync/common/utils.RequestOpenSeaSingleAsset file="C:/Users/chunde01/Desktop/openseasync-main/common/utils/utils.go:239"
time="2021-12-29 14:43:10.564" level=error msg="<nil>" func=openseasync/common/utils.RequestOpenSeaSingleAsset file="C:/Users/chunde01/Desktop/openseasync-main/common/utils/utils.go:239"
time="2021-12-29 14:45:30.516" level=error msg="<nil>" func=openseasync/common/utils.RequestOpenSeaSingleAsset file="C:/Users/chunde01/Desktop/openseasync-main/common/utils/utils.go:239"
time="2021-12-29 15:04:33.279" level=error msg="record not found" func=openseasync/routers/common.getAssetByOwner file="C:/Users/chunde01/Desktop/openseasync-main/routers/common/commonService.go:73"
time="2021-12-29 15:14:55.599" level=error msg="<nil>" func=openseasync/common/utils.RequestOpenSeaSingleAsset file="C:/Users/chunde01/Desktop/openseasync-main/common/utils/utils.go:239"
time="2021-12-29 15:20:41.379" level=error msg="record not found" func=openseasync/routers/common.getAssetByOwner file="C:/Users/chunde01/Desktop/openseasync-main/routers/common/commonService.go:73"
time="2021-12-29 15:25:43.264" level=error msg="<nil>" func=openseasync/common/utils.RequestOpenSeaSingleAsset file="C:/Users/chunde01/Desktop/openseasync-main/common/utils/utils.go:239"
time="2021-12-29 15:29:01.572" level=error msg="<nil>" func=openseasync/common/utils.RequestOpenSeaSingleAsset file="C:/Users/chunde01/Desktop/openseasync-main/common/utils/utils.go:240"
time="2021-12-29 15:48:35.036" level=error msg="<nil>" func=openseasync/common/utils.RequestOpenSeaSingleAsset file="C:/Users/chunde01/Desktop/openseasync-main/common/utils/utils.go:240"
time="2021-12-29 15:49:18.127" level=error msg="<nil>" func=openseasync/common/utils.RequestOpenSeaSingleAsset file="C:/Users/chunde01/Desktop/openseasync-main/common/utils/utils.go:240"
time="2021-12-29 15:49:33.279" level=error msg="<nil>" func=openseasync/common/utils.RequestOpenSeaSingleAsset file="C:/Users/chunde01/Desktop/openseasync-main/common/utils/utils.go:240"
time="2021-12-29 15:51:54.470" level=error msg="<nil>" func=openseasync/common/utils.RequestOpenSeaSingleAsset file="C:/Users/chunde01/Desktop/openseasync-main/common/utils/utils.go:239"
time="2021-12-29 15:52:28.338" level=error msg="<nil>" func=openseasync/common/utils.RequestOpenSeaSingleAsset file="C:/Users/chunde01/Desktop/openseasync-main/common/utils/utils.go:240"
time="2021-12-29 15:56:01.783" level=error msg="<nil>" func=openseasync/common/utils.RequestOpenSeaSingleAsset file="C:/Users/chunde01/Desktop/openseasync-main/common/utils/utils.go:240"
time="2021-12-29 16:04:39.675" level=error msg="<nil>" func=openseasync/common/utils.RequestOpenSeaAssets file="C:/Users/chunde01/Desktop/openseasync-main/common/utils/utils.go:212"
time="2021-12-29 16:04:39.676" level=error msg="unexpected end of JSON input" func=openseasync/routers/common.getOpenSeaOwnerAssets file="C:/Users/chunde01/Desktop/openseasync-main/routers/common/commonService.go:29"
time="2021-12-29 16:05:30.044" level=error msg="<nil>" func=openseasync/common/utils.RequestOpenSeaAssets file="C:/Users/chunde01/Desktop/openseasync-main/common/utils/utils.go:213"
time="2021-12-29 16:05:30.044" level=error msg="unexpected end of JSON input" func=openseasync/routers/common.getOpenSeaOwnerAssets file="C:/Users/chunde01/Desktop/openseasync-main/routers/common/commonService.go:29"
time="2021-12-29 16:13:28.772" level=error msg="<nil>" func=openseasync/common/utils.RequestOpenSeaSingleAsset file="C:/Users/chunde01/Desktop/openseasync-main/common/utils/utils.go:240"
time="2021-12-29 16:13:28.903" level=error msg="<nil>" func=openseasync/common/utils.RequestOpenSeaSingleAsset file="C:/Users/chunde01/Desktop/openseasync-main/common/utils/utils.go:240"
time="2021-12-29 16:13:28.903" level=error msg="<nil>" func=openseasync/common/utils.RequestOpenSeaSingleAsset file="C:/Users/chunde01/Desktop/openseasync-main/common/utils/utils.go:240"
time="2021-12-29 16:13:28.907" level=error msg="<nil>" func=openseasync/common/utils.RequestOpenSeaSingleAsset file="C:/Users/chunde01/Desktop/openseasync-main/common/utils/utils.go:240"
time="2021-12-29 16:13:28.908" level=error msg="<nil>" func=openseasync/common/utils.RequestOpenSeaSingleAsset file="C:/Users/chunde01/Desktop/openseasync-main/common/utils/utils.go:240"
time="2021-12-29 16:13:28.909" level=error msg="<nil>" func=openseasync/common/utils.RequestOpenSeaSingleAsset file="C:/Users/chunde01/Desktop/openseasync-main/common/utils/utils.go:240"
time="2021-12-29 16:13:28.909" level=error msg="<nil>" func=openseasync/common/utils.RequestOpenSeaSingleAsset file="C:/Users/chunde01/Desktop/openseasync-main/common/utils/utils.go:240"
time="2021-12-29 16:13:28.910" level=error msg="<nil>" func=openseasync/common/utils.RequestOpenSeaSingleAsset file="C:/Users/chunde01/Desktop/openseasync-main/common/utils/utils.go:240"
time="2021-12-29 16:13:28.913" level=error msg="<nil>" func=openseasync/common/utils.RequestOpenSeaSingleAsset file="C:/Users/chunde01/Desktop/openseasync-main/common/utils/utils.go:240"
time="2021-12-29 16:13:28.913" level=error msg="<nil>" func=openseasync/common/utils.RequestOpenSeaSingleAsset file="C:/Users/chunde01/Desktop/openseasync-main/common/utils/utils.go:240"
time="2021-12-29 16:13:28.917" level=error msg="<nil>" func=openseasync/common/utils.RequestOpenSeaSingleAsset file="C:/Users/chunde01/Desktop/openseasync-main/common/utils/utils.go:240"
time="2021-12-29 16:13:28.917" level=error msg="<nil>" func=openseasync/common/utils.RequestOpenSeaSingleAsset file="C:/Users/chunde01/Desktop/openseasync-main/common/utils/utils.go:240"
time="2021-12-29 16:13:28.919" level=error msg="<nil>" func=openseasync/common/utils.RequestOpenSeaSingleAsset file="C:/Users/chunde01/Desktop/openseasync-main/common/utils/utils.go:240"
time="2021-12-29 16:13:28.921" level=error msg="<nil>" func=openseasync/common/utils.RequestOpenSeaSingleAsset file="C:/Users/chunde01/Desktop/openseasync-main/common/utils/utils.go:240"
time="2021-12-29 16:13:28.921" level=error msg="<nil>" func=openseasync/common/utils.RequestOpenSeaSingleAsset file="C:/Users/chunde01/Desktop/openseasync-main/common/utils/utils.go:240"
time="2021-12-29 16:13:28.922" level=error msg="<nil>" func=openseasync/common/utils.RequestOpenSeaSingleAsset file="C:/Users/chunde01/Desktop/openseasync-main/common/utils/utils.go:240"
time="2021-12-29 16:13:28.923" level=error msg="<nil>" func=openseasync/common/utils.RequestOpenSeaSingleAsset file="C:/Users/chunde01/Desktop/openseasync-main/common/utils/utils.go:240"
time="2021-12-29 16:13:28.929" level=error msg="<nil>" func=openseasync/common/utils.RequestOpenSeaSingleAsset file="C:/Users/chunde01/Desktop/openseasync-main/common/utils/utils.go:240"
time="2021-12-29 16:13:28.931" level=error msg="<nil>" func=openseasync/common/utils.RequestOpenSeaSingleAsset file="C:/Users/chunde01/Desktop/openseasync-main/common/utils/utils.go:240"
time="2021-12-29 16:13:28.950" level=error msg="<nil>" func=openseasync/common/utils.RequestOpenSeaSingleAsset file="C:/Users/chunde01/Desktop/openseasync-main/common/utils/utils.go:240"
time="2021-12-29 16:13:28.950" level=error msg="<nil>" func=openseasync/common/utils.RequestOpenSeaSingleAsset file="C:/Users/chunde01/Desktop/openseasync-main/common/utils/utils.go:240"
time="2021-12-29 16:13:28.950" level=error msg="<nil>" func=openseasync/common/utils.RequestOpenSeaSingleAsset file="C:/Users/chunde01/Desktop/openseasync-main/common/utils/utils.go:240"
time="2021-12-29 16:13:28.950" level=error msg="<nil>" func=openseasync/common/utils.RequestOpenSeaSingleAsset file="C:/Users/chunde01/Desktop/openseasync-main/common/utils/utils.go:240"
time="2021-12-29 16:13:28.950" level=error msg="<nil>" func=openseasync/common/utils.RequestOpenSeaSingleAsset file="C:/Users/chunde01/Desktop/openseasync-main/common/utils/utils.go:240"
time="2021-12-29 16:13:28.950" level=error msg="<nil>" func=openseasync/common/utils.RequestOpenSeaSingleAsset file="C:/Users/chunde01/Desktop/openseasync-main/common/utils/utils.go:240"
time="2021-12-29 16:13:29.080" level=error msg="<nil>" func=openseasync/common/utils.RequestOpenSeaSingleAsset file="C:/Users/chunde01/Desktop/openseasync-main/common/utils/utils.go:240"
time="2021-12-29 16:13:29.080" level=error msg="<nil>" func=openseasync/common/utils.RequestOpenSeaSingleAsset file="C:/Users/chunde01/Desktop/openseasync-main/common/utils/utils.go:240"
time="2021-12-29 16:13:29.080" level=error msg="<nil>" func=openseasync/common/utils.RequestOpenSeaSingleAsset file="C:/Users/chunde01/Desktop/openseasync-main/common/utils/utils.go:240"
time="2021-12-29 16:13:29.080" level=error msg="<nil>" func=openseasync/common/utils.RequestOpenSeaSingleAsset file="C:/Users/chunde01/Desktop/openseasync-main/common/utils/utils.go:240"
time="2021-12-29 16:13:29.082" level=error msg="<nil>" func=openseasync/common/utils.RequestOpenSeaSingleAsset file="C:/Users/chunde01/Desktop/openseasync-main/common/utils/utils.go:240"
time="2021-12-29 16:13:29.080" level=error msg="<nil>" func=openseasync/common/utils.RequestOpenSeaSingleAsset file="C:/Users/chunde01/Desktop/openseasync-main/common/utils/utils.go:240"
time="2021-12-29 16:13:29.082" level=error msg="<nil>" func=openseasync/common/utils.RequestOpenSeaSingleAsset file="C:/Users/chunde01/Desktop/openseasync-main/common/utils/utils.go:240"
time="2021-12-29 16:13:29.082" level=error msg="<nil>" func=openseasync/common/utils.RequestOpenSeaSingleAsset file="C:/Users/chunde01/Desktop/openseasync-main/common/utils/utils.go:240"
time="2021-12-29 16:13:29.082" level=error msg="<nil>" func=openseasync/common/utils.RequestOpenSeaSingleAsset file="C:/Users/chunde01/Desktop/openseasync-main/common/utils/utils.go:240"
time="2021-12-29 16:13:29.082" level=error msg="<nil>" func=openseasync/common/utils.RequestOpenSeaSingleAsset file="C:/Users/chunde01/Desktop/openseasync-main/common/utils/utils.go:240"
time="2021-12-29 16:13:29.082" level=error msg="<nil>" func=openseasync/common/utils.RequestOpenSeaSingleAsset file="C:/Users/chunde01/Desktop/openseasync-main/common/utils/utils.go:240"
time="2021-12-29 16:13:29.080" level=error msg="<nil>" func=openseasync/common/utils.RequestOpenSeaSingleAsset file="C:/Users/chunde01/Desktop/openseasync-main/common/utils/utils.go:240"
time="2021-12-29 16:13:29.082" level=error msg="<nil>" func=openseasync/common/utils.RequestOpenSeaSingleAsset file="C:/Users/chunde01/Desktop/openseasync-main/common/utils/utils.go:240"
time="2021-12-29 16:13:29.086" level=error msg="<nil>" func=openseasync/common/utils.RequestOpenSeaSingleAsset file="C:/Users/chunde01/Desktop/openseasync-main/common/utils/utils.go:240"
time="2021-12-29 16:13:29.087" level=error msg="<nil>" func=openseasync/common/utils.RequestOpenSeaSingleAsset file="C:/Users/chunde01/Desktop/openseasync-main/common/utils/utils.go:240"
time="2021-12-29 16:13:29.087" level=error msg="<nil>" func=openseasync/common/utils.RequestOpenSeaSingleAsset file="C:/Users/chunde01/Desktop/openseasync-main/common/utils/utils.go:240"
time="2021-12-29 16:13:29.087" level=error msg="<nil>" func=openseasync/common/utils.RequestOpenSeaSingleAsset file="C:/Users/chunde01/Desktop/openseasync-main/common/utils/utils.go:240"
time="2021-12-29 16:13:29.087" level=error msg="<nil>" func=openseasync/common/utils.RequestOpenSeaSingleAsset file="C:/Users/chunde01/Desktop/openseasync-main/common/utils/utils.go:240"
time="2021-12-29 16:13:29.087" level=error msg="<nil>" func=openseasync/common/utils.RequestOpenSeaSingleAsset file="C:/Users/chunde01/Desktop/openseasync-main/common/utils/utils.go:240"
time="2021-12-29 16:13:29.087" level=error msg="<nil>" func=openseasync/common/utils.RequestOpenSeaSingleAsset file="C:/Users/chunde01/Desktop/openseasync-main/common/utils/utils.go:240"
time="2021-12-29 16:13:29.091" level=error msg="<nil>" func=openseasync/common/utils.RequestOpenSeaSingleAsset file="C:/Users/chunde01/Desktop/openseasync-main/common/utils/utils.go:240"
time="2021-12-29 16:13:29.091" level=error msg="<nil>" func=openseasync/common/utils.RequestOpenSeaSingleAsset file="C:/Users/chunde01/Desktop/openseasync-main/common/utils/utils.go:240"
time="2021-12-29 16:13:29.091" level=error msg="<nil>" func=openseasync/common/utils.RequestOpenSeaSingleAsset file="C:/Users/chunde01/Desktop/openseasync-main/common/utils/utils.go:240"
time="2021-12-29 16:13:29.091" level=error msg="<nil>" func=openseasync/common/utils.RequestOpenSeaAssets file="C:/Users/chunde01/Desktop/openseasync-main/common/utils/utils.go:212"
time="2021-12-29 16:13:29.091" level=error msg="<nil>" func=openseasync/common/utils.RequestOpenSeaSingleAsset file="C:/Users/chunde01/Desktop/openseasync-main/common/utils/utils.go:240"
time="2021-12-29 16:13:29.091" level=error msg="<nil>" func=openseasync/common/utils.RequestOpenSeaSingleAsset file="C:/Users/chunde01/Desktop/openseasync-main/common/utils/utils.go:240"
time="2021-12-29 16:13:29.093" level=error msg="unexpected end of JSON input" func=openseasync/routers/common.getOpenSeaOwnerAssets file="C:/Users/chunde01/Desktop/openseasync-main/routers/common/commonService.go:29"
time="2021-12-29 16:16:31.492" level=error msg="<nil>" func=openseasync/common/utils.RequestOpenSeaAssets file="C:/Users/chunde01/Desktop/openseasync-main/common/utils/utils.go:212"
time="2021-12-29 16:16:31.493" level=error msg="unexpected end of JSON input" func=openseasync/routers/common.getOpenSeaOwnerAssets file="C:/Users/chunde01/Desktop/openseasync-main/routers/common/commonService.go:29"
time="2021-12-29 16:25:40.290" level=error msg="<nil>" func=openseasync/common/utils.RequestOpenSeaSingleAsset file="C:/Users/chunde01/Desktop/openseasync-main/common/utils/utils.go:240"
time="2021-12-29 16:25:40.293" level=error msg="<nil>" func=openseasync/common/utils.RequestOpenSeaAssets file="C:/Users/chunde01/Desktop/openseasync-main/common/utils/utils.go:212"
time="2021-12-29 16:25:40.293" level=error msg="unexpected end of JSON input" func=openseasync/routers/common.getOpenSeaOwnerAssets file="C:/Users/chunde01/Desktop/openseasync-main/routers/common/commonService.go:30"
time="2021-12-29 16:27:05.868" level=error msg="<nil>" func=openseasync/common/utils.RequestOpenSeaAssets file="C:/Users/chunde01/Desktop/openseasync-main/common/utils/utils.go:212"
time="2021-12-29 16:27:05.868" level=error msg="unexpected end of JSON input" func=openseasync/routers/common.getOpenSeaOwnerAssets file="C:/Users/chunde01/Desktop/openseasync-main/routers/common/commonService.go:30"
time="2021-12-29 16:29:24.668" level=error msg="<nil>" func=openseasync/common/utils.RequestOpenSeaSingleAsset file="C:/Users/chunde01/Desktop/openseasync-main/common/utils/utils.go:240"
time="2021-12-29 16:58:41.883" level=error msg="{\"detail\":\"Request was throttled. Expected available in 1 second.\"}" func=openseasync/models.queryAssetsTopOwnerShip file="C:/Users/chunde01/Desktop/openseasync-main/models/asset.go:163"
time="2021-12-29 16:58:43.249" level=error msg="{\"detail\":\"Request was throttled. Expected available in 1 second.\"}" func=openseasync/models.queryAssetsTopOwnerShip file="C:/Users/chunde01/Desktop/openseasync-main/models/asset.go:163"
time="2021-12-29 16:58:44.253" level=error msg="{\"detail\":\"Request was throttled. Expected available in 1 second.\"}" func=openseasync/models.queryAssetsTopOwnerShip file="C:/Users/chunde01/Desktop/openseasync-main/models/asset.go:163"
time="2021-12-29 16:58:45.732" level=error msg="{\"detail\":\"Request was throttled. Expected available in 1 second.\"}" func=openseasync/models.queryAssetsTopOwnerShip file="C:/Users/chunde01/Desktop/openseasync-main/models/asset.go:163"
time="2021-12-29 16:58:47.029" level=error msg="{\"detail\":\"Request was throttled. Expected available in 1 second.\"}" func=openseasync/models.queryAssetsTopOwnerShip file="C:/Users/chunde01/Desktop/openseasync-main/models/asset.go:163"
time="2021-12-29 16:58:48.195" level=error msg="{\"detail\":\"Request was throttled. Expected available in 1 second.\"}" func=openseasync/models.queryAssetsTopOwnerShip file="C:/Users/chunde01/Desktop/openseasync-main/models/asset.go:163"
time="2021-12-29 16:58:49.643" level=error msg="{\"detail\":\"Request was throttled. Expected available in 1 second.\"}" func=openseasync/models.queryAssetsTopOwnerShip file="C:/Users/chunde01/Desktop/openseasync-main/models/asset.go:163"
time="2021-12-29 16:58:50.779" level=error msg="{\"detail\":\"Request was throttled. Expected available in 1 second.\"}" func=openseasync/models.queryAssetsTopOwnerShip file="C:/Users/chunde01/Desktop/openseasync-main/models/asset.go:163"
time="2021-12-29 16:58:52.411" level=error msg="{\"detail\":\"Request was throttled. Expected available in 1 second.\"}" func=openseasync/models.queryAssetsTopOwnerShip file="C:/Users/chunde01/Desktop/openseasync-main/models/asset.go:163"
time="2021-12-29 16:58:54.458" level=error msg="{\"detail\":\"Request was throttled. Expected available in 1 second.\"}" func=openseasync/routers/common.getOpenSeaOwnerAssets file="C:/Users/chunde01/Desktop/openseasync-main/routers/common/commonService.go:29"
time="2021-12-30 09:55:29.698" level=error msg="{\"detail\":\"Request was throttled. Expected available in 1 second.\"}" func=openseasync/models.queryAssetsTopOwnerShip file="C:/Users/chunde01/Desktop/openseasync-main/models/asset.go:163"
time="2021-12-30 10:26:04.301" level=error msg="{\"detail\":\"Request was throttled. Expected available in 1 second.\"}" func=openseasync/models.queryAssetsTopOwnerShip file="C:/Users/chunde01/Desktop/openseasync-main/models/asset.go:163"
time="2021-12-30 10:57:16.448" level=error msg="{\"detail\":\"Request was throttled. Expected available in 1 second.\"}" func=openseasync/models.queryAssetsTopOwnerShip file="C:/Users/chunde01/Desktop/openseasync-main/models/asset.go:202"
time="2021-12-30 10:58:35.221" level=error msg="{\"detail\":\"Request was throttled. Expected available in 1 second.\"}" func=openseasync/models.queryAssetsTopOwnerShip file="C:/Users/chunde01/Desktop/openseasync-main/models/asset.go:202"
time="2021-12-30 11:01:59.722" level=error msg="{\"detail\":\"Request was throttled. Expected available in 1 second.\"}" func=openseasync/models.queryAssetsTopOwnerShip file="C:/Users/chunde01/Desktop/openseasync-main/models/asset.go:202"
time="2021-12-30 11:04:44.437" level=error msg="sql: expected 2 arguments, got 7" func=openseasync/models.FindAssetByOwner file="C:/Users/chunde01/Desktop/openseasync-main/models/asset.go:177"
time="2021-12-30 11:06:25.326" level=error msg="Error 1064: You have an error in your SQL syntax; check the manual that corresponds to your MySQL server version for the right syntax to use near 'order FROM `traits`  WHERE (contract_address = ? AND token_id = ?)' at line 1" func=openseasync/models.FindAssetByOwner file="C:/Users/chunde01/Desktop/openseasync-main/models/asset.go:177"
time="2021-12-30 11:08:38.947" level=error msg="{\"detail\":\"Request was throttled. Expected available in 1 second.\"}" func=openseasync/models.queryAssetsTopOwnerShip file="C:/Users/chunde01/Desktop/openseasync-main/models/asset.go:203"
time="2021-12-30 11:13:52.034" level=error msg="{\"detail\":\"Request was throttled. Expected available in 1 second.\"}" func=openseasync/models.queryAssetsTopOwnerShip file="C:/Users/chunde01/Desktop/openseasync-main/models/asset.go:203"
time="2021-12-30 11:16:26.047" level=error msg="{\"detail\":\"Request was throttled. Expected available in 1 second.\"}" func=openseasync/models.queryAssetsTopOwnerShip file="C:/Users/chunde01/Desktop/openseasync-main/models/asset.go:203"
time="2021-12-30 16:39:45.036" level=error msg="{\"detail\":\"Request was throttled. Expected available in 1 second.\"}" func=openseasync/models.queryAssetsTopOwnerShip file="C:/Users/chunde01/Desktop/openseasync-main/models/asset.go:252"
time="2021-12-30 16:40:22.755" level=error msg="Error 1054: Unknown column 'name' in 'field list'" func=openseasync/models.InsertOpenSeaAsset file="C:/Users/chunde01/Desktop/openseasync-main/models/asset.go:128"
time="2021-12-30 16:41:22.803" level=error msg="{\"detail\":\"Request was throttled. Expected available in 1 second.\"}" func=openseasync/models.queryAssetsTopOwnerShip file="C:/Users/chunde01/Desktop/openseasync-main/models/asset.go:252"
time="2021-12-30 16:53:33.064" level=error msg="{\"detail\":\"Request was throttled. Expected available in 1 second.\"}" func=openseasync/models.queryAssetsTopOwnerShip file="C:/Users/chunde01/Desktop/openseasync-main/models/asset.go:252"
time="2021-12-30 16:54:11.008" level=error msg="{\"detail\":\"Request was throttled. Expected available in 1 second.\"}" func=openseasync/models.queryAssetsTopOwnerShip file="C:/Users/chunde01/Desktop/openseasync-main/models/asset.go:252"
time="2021-12-30 16:57:32.128" level=error msg="{\"detail\":\"Request was throttled. Expected available in 1 second.\"}" func=openseasync/models.queryAssetsTopOwnerShip file="C:/Users/chunde01/Desktop/openseasync-main/models/asset.go:252"
time="2021-12-30 17:01:38.960" level=error msg="{\"detail\":\"Request was throttled. Expected available in 1 second.\"}" func=openseasync/models.queryAssetsTopOwnerShip file="C:/Users/chunde01/Desktop/openseasync-main/models/asset.go:252"
time="2021-12-30 17:01:46.319" level=error msg="{\"detail\":\"Request was throttled. Expected available in 1 second.\"}" func=openseasync/models.queryAssetsTopOwnerShip file="C:/Users/chunde01/Desktop/openseasync-main/models/asset.go:252"
time="2021-12-30 17:04:36.445" level=error msg="{\"detail\":\"Request was throttled. Expected available in 1 second.\"}" func=openseasync/models.queryAssetsTopOwnerShip file="C:/Users/chunde01/Desktop/openseasync-main/models/asset.go:252"
time="2021-12-30 23:48:48.784" level=fatal msg="db err: Error 1045: Access denied for user 'root'@'localhost' (using password: YES)" func=openseasync/database.Init file="/Users/zhiqiangzhao/go/src/openseasync/database/database.go:22"
time="2021-12-31 00:03:41.518" level=error msg="{\"detail\":\"Request was throttled. Expected available in 1 second.\"}" func=openseasync/routers/common.openSeaOwnerCollectionsSync file="/Users/zhiqiangzhao/go/src/openseasync/routers/common/commonService.go:60"
time="2021-12-31 00:03:41.523" level=error msg="{\"detail\":\"Request was throttled. Expected available in 1 second.\"}" func=openseasync/routers/common.OpenSeaOwnerDataSync file="/Users/zhiqiangzhao/go/src/openseasync/routers/common/commonRouter.go:48"
